<?xml version="1.0" encoding="UTF-8"?>
<!-- Generated by org.testng.reporters.JUnitXMLReporter -->
<testsuite hostname="kantharaj-PC" ignored="0" name="Test-Firefox" tests="1" failures="1" timestamp="2023-06-01T11:32:28 IST" time="0.319" errors="0">
  <testcase name="tester" time="0.232" classname="ParallelExecutionChapter.ParallelExec">
    <failure type="java.lang.IllegalStateException" message="The driver executable does not exist: C:\Users\kantharaj\eclipse-workspace\HoSelenium\value">
      <![CDATA[java.lang.IllegalStateException: The driver executable does not exist: C:\Users\kantharaj\eclipse-workspace\HoSelenium\value
at com.google.common.base.Preconditions.checkState(Preconditions.java:585)
at org.openqa.selenium.remote.service.DriverService.checkExecutable(DriverService.java:146)
at org.openqa.selenium.remote.service.DriverService.findExecutable(DriverService.java:141)
at org.openqa.selenium.firefox.GeckoDriverService.access$100(GeckoDriverService.java:44)
at org.openqa.selenium.firefox.GeckoDriverService$Builder.findDefaultExecutable(GeckoDriverService.java:167)
at org.openqa.selenium.remote.service.DriverService$Builder.build(DriverService.java:355)
at org.openqa.selenium.firefox.FirefoxDriver.toExecutor(FirefoxDriver.java:190)
at org.openqa.selenium.firefox.FirefoxDriver.<init>(FirefoxDriver.java:147)
at org.openqa.selenium.firefox.FirefoxDriver.<init>(FirefoxDriver.java:125)
at ParallelExecutionChapter.ParallelExec.tester(ParallelExec.java:25)
at java.util.ArrayList.forEach(ArrayList.java:1259)
at java.util.concurrent.FutureTask.run(FutureTask.java:266)
at java.util.concurrent.ThreadPoolExecutor.runWorker(ThreadPoolExecutor.java:1149)
at java.util.concurrent.ThreadPoolExecutor$Worker.run(ThreadPoolExecutor.java:624)
at java.lang.Thread.run(Thread.java:750)
... Removed 18 stack frames]]>
    </failure>
  </testcase> <!-- tester -->
</testsuite> <!-- Test-Firefox -->
