<?xml version="1.0" encoding="UTF-8"?>
<!-- Generated by org.testng.reporters.JUnitReportReporter -->
<testsuite skipped="0" hostname="kantharaj-PC" name="POMChapter.LoginHardCode.LoginScriptGeneric" tests="1" failures="0" timestamp="2023-06-01T11:53:20 IST" time="12.711" errors="0">
  <testcase name="validLogin" time="12.711" classname="POMChapter.LoginHardCode.LoginScriptGeneric"/>
  <system-out/>
</testsuite> <!-- POMChapter.LoginHardCode.LoginScriptGeneric -->
