<?xml version="1.0" encoding="UTF-8"?>
<!-- Generated by org.testng.reporters.JUnitReportReporter -->
<testsuite skipped="0" hostname="kantharaj-PC" name="TestNGChapter.TestScriptPriority" tests="3" failures="0" timestamp="2023-05-25T11:15:31 IST" time="0.028" errors="0">
  <testcase name="data2" time="0.022" classname="TestNGChapter.TestScriptPriority"/>
  <system-out>
    <![CDATA[2]]>
  </system-out>
  <testcase name="data3" time="0.003" classname="TestNGChapter.TestScriptPriority"/>
  <system-out>
    <![CDATA[3]]>
  </system-out>
  <testcase name="data1" time="0.003" classname="TestNGChapter.TestScriptPriority"/>
  <system-out>
    <![CDATA[1]]>
  </system-out>
</testsuite> <!-- TestNGChapter.TestScriptPriority -->
