<?xml version="1.0" encoding="UTF-8"?>
<!-- Generated by org.testng.reporters.JUnitReportReporter -->
<testsuite skipped="0" hostname="kantharaj-PC" name="TestNGChapter.TestScript1" tests="2" failures="0" timestamp="2023-05-25T11:07:14 IST" time="0.022" errors="0">
  <testcase name="data1" time="0.020" classname="TestNGChapter.TestScript1"/>
  <system-out>
    <![CDATA[1]]>
  </system-out>
  <testcase name="data2" time="0.002" classname="TestNGChapter.TestScript1"/>
  <system-out>
    <![CDATA[2]]>
  </system-out>
</testsuite> <!-- TestNGChapter.TestScript1 -->
