<?xml version="1.0" encoding="UTF-8"?>
<!-- Generated by org.testng.reporters.JUnitReportReporter -->
<testsuite skipped="0" hostname="kantharaj-PC" name="TestNGChapter.TestScript2" tests="1" failures="0" timestamp="2023-05-25T11:07:14 IST" time="0.002" errors="0">
  <testcase name="data3" time="0.002" classname="TestNGChapter.TestScript2"/>
  <system-out>
    <![CDATA[3]]>
  </system-out>
</testsuite> <!-- TestNGChapter.TestScript2 -->
