<?xml version="1.0" encoding="UTF-8"?>
<!-- Generated by org.testng.reporters.JUnitReportReporter -->
<testsuite skipped="0" hostname="kantharaj-PC" name="TestNGChapter.TestScriptInvocationCount" tests="9" failures="0" timestamp="2023-05-25T11:20:03 IST" time="0.044" errors="0">
  <testcase name="data3" time="0.003" classname="TestNGChapter.TestScriptInvocationCount"/>
  <system-out>
    <![CDATA[3]]>
  </system-out>
  <testcase name="data2" time="0.003" classname="TestNGChapter.TestScriptInvocationCount"/>
  <system-out>
    <![CDATA[2]]>
  </system-out>
  <testcase name="data2" time="0.003" classname="TestNGChapter.TestScriptInvocationCount"/>
  <system-out>
    <![CDATA[2]]>
  </system-out>
  <testcase name="data1" time="0.003" classname="TestNGChapter.TestScriptInvocationCount"/>
  <system-out>
    <![CDATA[1]]>
  </system-out>
  <testcase name="data3" time="0.003" classname="TestNGChapter.TestScriptInvocationCount"/>
  <system-out>
    <![CDATA[3]]>
  </system-out>
  <testcase name="data1" time="0.021" classname="TestNGChapter.TestScriptInvocationCount"/>
  <system-out>
    <![CDATA[1]]>
  </system-out>
  <testcase name="data3" time="0.002" classname="TestNGChapter.TestScriptInvocationCount"/>
  <system-out>
    <![CDATA[3]]>
  </system-out>
  <testcase name="data2" time="0.003" classname="TestNGChapter.TestScriptInvocationCount"/>
  <system-out>
    <![CDATA[2]]>
  </system-out>
  <testcase name="data3" time="0.003" classname="TestNGChapter.TestScriptInvocationCount"/>
  <system-out>
    <![CDATA[3]]>
  </system-out>
</testsuite> <!-- TestNGChapter.TestScriptInvocationCount -->
