<?xml version="1.0" encoding="UTF-8"?>
<!-- Generated by org.testng.reporters.JUnitReportReporter -->
<testsuite skipped="1" hostname="kantharaj-PC" name="TestNGChapter.TestScriptEnabled" tests="2" failures="0" timestamp="2023-05-25T11:24:47 IST" time="0.020" errors="0">
  <testcase name="data1" time="0.020" classname="TestNGChapter.TestScriptEnabled"/>
  <system-out>
    <![CDATA[1]]>
  </system-out>
  <testcase name="data2" classname="TestNGChapter.TestScriptEnabled">
    <skipped/>
  </testcase> <!-- data2 -->
  <system-out/>
</testsuite> <!-- TestNGChapter.TestScriptEnabled -->
