<?xml version="1.0" encoding="UTF-8"?>
<!-- Generated by org.testng.reporters.JUnitReportReporter -->
<testsuite skipped="0" hostname="kantharaj-PC" name="POMChapter.POMRefreshRunner" tests="1" failures="0" timestamp="2023-05-31T19:54:37 IST" time="14.586" errors="0">
  <testcase name="refresher" time="14.586" classname="POMChapter.POMRefreshRunner"/>
  <system-out/>
</testsuite> <!-- POMChapter.POMRefreshRunner -->
