<?xml version="1.0" encoding="UTF-8"?>
<!-- Generated by org.testng.reporters.JUnitReportReporter -->
<testsuite skipped="0" hostname="kantharaj-PC" name="ParallelExecutionChapter.ParallelExec" tests="2" failures="0" timestamp="2023-06-01T12:07:49 IST" time="70.800" errors="0">
  <testcase name="test1" time="63.853" classname="ParallelExecutionChapter.ParallelExec"/>
  <system-out/>
  <testcase name="test1" time="6.947" classname="ParallelExecutionChapter.ParallelExec"/>
  <system-out/>
</testsuite> <!-- ParallelExecutionChapter.ParallelExec -->
