<?xml version="1.0" encoding="UTF-8"?>
<!-- Generated by org.testng.reporters.JUnitReportReporter -->
<testsuite skipped="0" hostname="kantharaj-PC" name="TestNGChapter.TestCases.TestScript" tests="1" failures="0" timestamp="2023-05-26T19:37:32 IST" time="20.607" errors="0">
  <testcase name="validLogin" time="20.607" classname="TestNGChapter.TestCases.TestScript"/>
  <system-out/>
</testsuite> <!-- TestNGChapter.TestCases.TestScript -->
