<?xml version="1.0" encoding="UTF-8"?>
<!-- Generated by org.testng.reporters.JUnitReportReporter -->
<testsuite skipped="0" hostname="kantharaj-PC" name="BasicHybridFramework.TestScriptBHF" tests="1" failures="0" timestamp="2023-06-01T07:27:14 IST" time="8.063" errors="0">
  <testcase name="validLgin" time="8.063" classname="BasicHybridFramework.TestScriptBHF"/>
  <system-out/>
</testsuite> <!-- BasicHybridFramework.TestScriptBHF -->
