<?xml version="1.0" encoding="UTF-8"?>
<!-- Generated by org.testng.reporters.JUnitReportReporter -->
<testsuite skipped="0" hostname="kantharaj-PC" name="PropertyFilesChapter.Data1" tests="1" failures="0" timestamp="2023-06-01T10:21:07 IST" time="0.024" errors="0">
  <testcase name="test1" time="0.024" classname="PropertyFilesChapter.Data1"/>
  <system-out/>
</testsuite> <!-- PropertyFilesChapter.Data1 -->
